[2023-12-31 12:19:48][INFO] Reading point cloud from file 'C:\Users\LuisJa\Desktop\m3c2ep_testdata\ahk_2017_652900_5189100_gnd.laz'
[2023-12-31 12:20:00][INFO] Reading point cloud from file 'C:\Users\LuisJa\Desktop\m3c2ep_testdata\ahk_2018A_652900_5189100_gnd.laz'
[2023-12-31 12:20:39][INFO] Reading point cloud from file 'C:\Users\LuisJa\Desktop\m3c2ep_testdata\ahk_cp_2017_652900_5189100_gnd.laz'
[2023-12-31 12:21:11][INFO] Reading point cloud from file 'C:\Users\LuisJa\Desktop\m3c2ep_testdata\ahk_2017_652900_5189100_gnd.laz'
[2023-12-31 12:21:22][INFO] Reading point cloud from file 'C:\Users\LuisJa\Desktop\m3c2ep_testdata\ahk_2018A_652900_5189100_gnd.laz'
[2023-12-31 12:21:58][INFO] Reading point cloud from file 'C:\Users\LuisJa\Desktop\m3c2ep_testdata\ahk_cp_2017_652900_5189100_gnd.laz'
[2023-12-31 12:24:43][INFO] Reading point cloud from file 'C:\Users\LuisJa\Desktop\m3c2ep_testdata\ahk_2017_652900_5189100_gnd.laz'
[2023-12-31 12:24:54][INFO] Reading point cloud from file 'C:\Users\LuisJa\Desktop\m3c2ep_testdata\ahk_2018A_652900_5189100_gnd.laz'
[2023-12-31 12:25:27][INFO] Reading point cloud from file 'C:\Users\LuisJa\Desktop\m3c2ep_testdata\ahk_cp_2017_652900_5189100_gnd.laz'
[2023-12-31 12:25:27][INFO] Building KDTree structure with leaf parameter 10
[2023-12-31 12:26:00][INFO] Building KDTree structure with leaf parameter 10
[2023-12-31 15:39:48][INFO] Reading point cloud from file 'C:\Users\LuisJa\AppData\Local\py4dgeo\py4dgeo\Cache\.\ahk_2017_652900_5189100_gnd_subarea.laz'
[2023-12-31 15:39:48][INFO] Reading point cloud from file 'C:\Users\LuisJa\AppData\Local\py4dgeo\py4dgeo\Cache\.\ahk_2018A_652900_5189100_gnd_subarea.laz'
[2023-12-31 15:39:49][INFO] Reading point cloud from file 'C:\Users\LuisJa\AppData\Local\py4dgeo\py4dgeo\Cache\.\ahk_cp_652900_5189100_subarea.laz'
[2023-12-31 15:40:26][INFO] Reading point cloud from file 'C:\Users\LuisJa\AppData\Local\py4dgeo\py4dgeo\Cache\.\ahk_2017_652900_5189100_gnd_subarea.laz'
[2023-12-31 15:40:26][INFO] Reading point cloud from file 'C:\Users\LuisJa\AppData\Local\py4dgeo\py4dgeo\Cache\.\ahk_2018A_652900_5189100_gnd_subarea.laz'
[2023-12-31 15:40:27][INFO] Reading point cloud from file 'C:\Users\LuisJa\AppData\Local\py4dgeo\py4dgeo\Cache\.\ahk_cp_652900_5189100_subarea.laz'
[2023-12-31 15:40:27][INFO] Building KDTree structure with leaf parameter 10
[2023-12-31 15:40:27][INFO] Building KDTree structure with leaf parameter 10
[2023-12-31 15:40:31][INFO] Reading point cloud from file 'C:\Users\LuisJa\AppData\Local\py4dgeo\py4dgeo\Cache\.\ahk_2017_652900_5189100_gnd_subarea.laz'
[2023-12-31 15:40:31][INFO] Reading point cloud from file 'C:\Users\LuisJa\AppData\Local\py4dgeo\py4dgeo\Cache\.\ahk_2018A_652900_5189100_gnd_subarea.laz'
[2023-12-31 15:40:31][INFO] Reading point cloud from file 'C:\Users\LuisJa\AppData\Local\py4dgeo\py4dgeo\Cache\.\ahk_cp_652900_5189100_subarea.laz'
[2023-12-31 15:40:31][INFO] Building KDTree structure with leaf parameter 10
[2023-12-31 15:40:32][INFO] Building KDTree structure with leaf parameter 10
[2024-01-01 17:52:04][INFO] Reading point cloud from file 'C:\Users\LuisJa\AppData\Local\py4dgeo\py4dgeo\Cache\.\ahk_2017_652900_5189100_gnd_subarea.laz'
[2024-01-01 17:52:04][INFO] Reading point cloud from file 'C:\Users\LuisJa\AppData\Local\py4dgeo\py4dgeo\Cache\.\ahk_2018A_652900_5189100_gnd_subarea.laz'
[2024-01-01 17:52:04][INFO] Reading point cloud from file 'C:\Users\LuisJa\AppData\Local\py4dgeo\py4dgeo\Cache\.\ahk_cp_652900_5189100_subarea.laz'
[2024-01-01 17:52:30][INFO] Reading point cloud from file 'C:\Users\LuisJa\Desktop\m3c2ep_testdata\ahk_2017_652900_5189100_gnd_subarea.laz'
[2024-01-01 17:52:31][INFO] Reading point cloud from file 'C:\Users\LuisJa\Desktop\m3c2ep_testdata\ahk_2018A_652900_5189100_gnd_subarea.laz'
[2024-01-01 17:52:31][INFO] Reading point cloud from file 'C:\Users\LuisJa\Desktop\m3c2ep_testdata\ahk_cp_652900_5189100_subarea.laz'
[2024-01-01 17:53:37][INFO] Reading point cloud from file 'C:\Users\LuisJa\AppData\Local\py4dgeo\py4dgeo\Cache\.\ahk_2017_652900_5189100_gnd_subarea.laz'
[2024-01-01 17:53:37][INFO] Reading point cloud from file 'C:\Users\LuisJa\AppData\Local\py4dgeo\py4dgeo\Cache\.\ahk_2018A_652900_5189100_gnd_subarea.laz'
[2024-01-01 17:53:37][INFO] Reading point cloud from file 'C:\Users\LuisJa\AppData\Local\py4dgeo\py4dgeo\Cache\.\ahk_cp_652900_5189100_subarea.laz'
[2024-01-01 17:53:47][INFO] Reading point cloud from file 'C:\Users\LuisJa\AppData\Local\py4dgeo\py4dgeo\Cache\.\ahk_2017_652900_5189100_gnd_subarea.laz'
[2024-01-01 17:53:47][INFO] Reading point cloud from file 'C:\Users\LuisJa\AppData\Local\py4dgeo\py4dgeo\Cache\.\ahk_2018A_652900_5189100_gnd_subarea.laz'
[2024-01-01 17:53:47][INFO] Reading point cloud from file 'C:\Users\LuisJa\AppData\Local\py4dgeo\py4dgeo\Cache\.\ahk_cp_652900_5189100_subarea.laz'
[2024-01-01 17:55:09][INFO] Reading point cloud from file 'C:\Users\LuisJa\AppData\Local\py4dgeo\py4dgeo\Cache\.\ahk_2017_652900_5189100_gnd_subarea.laz'
[2024-01-01 17:55:09][INFO] Reading point cloud from file 'C:\Users\LuisJa\AppData\Local\py4dgeo\py4dgeo\Cache\.\ahk_2018A_652900_5189100_gnd_subarea.laz'
[2024-01-01 17:55:10][INFO] Reading point cloud from file 'C:\Users\LuisJa\AppData\Local\py4dgeo\py4dgeo\Cache\.\ahk_cp_652900_5189100_subarea.laz'
[2024-01-01 17:55:26][INFO] Reading point cloud from file 'C:\Users\LuisJa\AppData\Local\py4dgeo\py4dgeo\Cache\.\ahk_2017_652900_5189100_gnd_subarea.laz'
[2024-01-01 17:55:26][INFO] Reading point cloud from file 'C:\Users\LuisJa\AppData\Local\py4dgeo\py4dgeo\Cache\.\ahk_2018A_652900_5189100_gnd_subarea.laz'
[2024-01-01 17:55:26][INFO] Reading point cloud from file 'C:\Users\LuisJa\AppData\Local\py4dgeo\py4dgeo\Cache\.\ahk_cp_652900_5189100_subarea.laz'
[2024-01-01 17:55:26][INFO] Building KDTree structure with leaf parameter 10
[2024-01-01 17:55:27][INFO] Building KDTree structure with leaf parameter 10
[2024-01-01 17:55:56][INFO] Reading point cloud from file 'C:\Users\LuisJa\AppData\Local\py4dgeo\py4dgeo\Cache\.\ahk_2017_652900_5189100_gnd_subarea.laz'
[2024-01-01 17:55:56][INFO] Reading point cloud from file 'C:\Users\LuisJa\AppData\Local\py4dgeo\py4dgeo\Cache\.\ahk_2018A_652900_5189100_gnd_subarea.laz'
[2024-01-01 17:55:56][INFO] Reading point cloud from file 'C:\Users\LuisJa\AppData\Local\py4dgeo\py4dgeo\Cache\.\ahk_cp_652900_5189100_subarea.laz'
[2024-01-01 17:56:01][INFO] Reading point cloud from file 'C:\Users\LuisJa\AppData\Local\py4dgeo\py4dgeo\Cache\.\ahk_2017_652900_5189100_gnd_subarea.laz'
[2024-01-01 17:56:01][INFO] Reading point cloud from file 'C:\Users\LuisJa\AppData\Local\py4dgeo\py4dgeo\Cache\.\ahk_2018A_652900_5189100_gnd_subarea.laz'
[2024-01-01 17:56:01][INFO] Reading point cloud from file 'C:\Users\LuisJa\AppData\Local\py4dgeo\py4dgeo\Cache\.\ahk_cp_652900_5189100_subarea.laz'
[2024-01-01 17:56:02][INFO] Building KDTree structure with leaf parameter 10
[2024-01-01 17:56:02][INFO] Building KDTree structure with leaf parameter 10
[2024-01-01 17:56:06][INFO] Reading point cloud from file 'C:\Users\LuisJa\AppData\Local\py4dgeo\py4dgeo\Cache\.\ahk_2017_652900_5189100_gnd_subarea.laz'
[2024-01-01 17:56:06][INFO] Reading point cloud from file 'C:\Users\LuisJa\AppData\Local\py4dgeo\py4dgeo\Cache\.\ahk_2018A_652900_5189100_gnd_subarea.laz'
[2024-01-01 17:56:06][INFO] Reading point cloud from file 'C:\Users\LuisJa\AppData\Local\py4dgeo\py4dgeo\Cache\.\ahk_cp_652900_5189100_subarea.laz'
[2024-01-01 17:56:06][INFO] Building KDTree structure with leaf parameter 10
[2024-01-01 17:56:07][INFO] Building KDTree structure with leaf parameter 10
